-------------------------------------------------------------------------------
Test set: Runner.TestRunner
-------------------------------------------------------------------------------
Tests run: 2, Failures: 1, Errors: 0, Skipped: 0, Time elapsed: 17.882 s <<< FAILURE! - in Runner.TestRunner
Navigate to HN website #2(HN Hompage)  Time elapsed: 7.698 s  <<< FAILURE!
org.junit.ComparisonFailure: expected:<[Computers, Electrical, Furniture & Bedding | Harvey Norman Australia]> but was:<[]>

